INFO:sim:172 - Generating IP...
Applying current project options...
Finished applying current project options.
Resolving generics for 'encoder'...
WARNING:sim - A core named 'encoder' already exists in the project. Output
   products for this core may be overwritten.
Applying external generics to 'encoder'...
Delivering associated files for 'encoder'...
Generating implementation netlist for 'encoder'...
INFO:sim - Pre-processing HDL files for 'encoder'...
Running synthesis for 'encoder'
Running ngcbuild...
Writing instantiation template for 'encoder'...
Writing RTL behavioral simulation model for 'encoder'...
Delivered 2 files into directory
/home/gonza/Maestria/FPGA_Comms/OFDM_TP/OFDM_TP.srcs/sources_1/ip/convolution_v7
_0_0/tmp/_cg/encoder
Generating ASY schematic symbol...
INFO:sim:949 - Finished generation of ASY schematic symbol.
Generating metadata file...
Generating ISE project...
XCO file found: encoder.xco
XMDF file found: encoder_xmdf.tcl
Adding
/home/gonza/Maestria/FPGA_Comms/OFDM_TP/OFDM_TP.srcs/sources_1/ip/convolution_v7
_0_0/tmp/_cg/encoder.asy -view all -origin_type imported
Adding
/home/gonza/Maestria/FPGA_Comms/OFDM_TP/OFDM_TP.srcs/sources_1/ip/convolution_v7
_0_0/tmp/_cg/encoder.ngc -view all -origin_type created
WARNING: es_AR:es is not supported as a language.  Using usenglish.
Checking file
"/home/gonza/Maestria/FPGA_Comms/OFDM_TP/OFDM_TP.srcs/sources_1/ip/convolution_v
7_0_0/tmp/_cg/encoder.ngc" for project device match ...
File
"/home/gonza/Maestria/FPGA_Comms/OFDM_TP/OFDM_TP.srcs/sources_1/ip/convolution_v
7_0_0/tmp/_cg/encoder.ngc" device information matches project device.
Adding
/home/gonza/Maestria/FPGA_Comms/OFDM_TP/OFDM_TP.srcs/sources_1/ip/convolution_v7
_0_0/tmp/_cg/encoder.vhd -view all -origin_type created
INFO:HDLCompiler:1061 - Parsing VHDL file
   "/home/gonza/Maestria/FPGA_Comms/OFDM_TP/OFDM_TP.srcs/sources_1/ip/convolutio
   n_v7_0_0/tmp/_cg/encoder.vhd" into library work
INFO:ProjectMgmt - Parsing design hierarchy completed successfully.
Adding
/home/gonza/Maestria/FPGA_Comms/OFDM_TP/OFDM_TP.srcs/sources_1/ip/convolution_v7
_0_0/tmp/_cg/encoder.vho -view all -origin_type imported
INFO:TclTasksC:2116 - The automatic calculation of top has been turned-off.
   Please set the new top explicitly by running the "project set top" command.
   To re-calculate the new top automatically, set the "Auto Implementation Top"
   property to true.
Top level has been set to "/encoder"
Generating README file...
Generating FLIST file...
INFO:sim:948 - Finished FLIST file generation.
Moving files to output directory...
Finished moving files to output directory
Wrote CGP file for project 'coregen'.
