INFO:sim:172 - Generating IP...
Applying current project options...
Finished applying current project options.
Resolving generics for 'fft'...
WARNING:sim - VHDL simulation file type 'Behavioral' is not valid for this core.
   Overriding with simulation file type 'Structural'.
WARNING:sim - A core named 'fft' already exists in the project. Output products
   for this core may be overwritten.
Applying external generics to 'fft'...
Delivering associated files for 'fft'...
Generating implementation netlist for 'fft'...
INFO:sim - Pre-processing HDL files for 'fft'...
Running synthesis for 'fft'
Running ngcbuild...
Writing VHO instantiation template for 'fft'...
WARNING:sim - VHDL simulation file type 'Behavioral' is not valid for this core.
   Overriding with simulation file type 'Structural'.
Writing VHDL structural simulation model for 'fft'...
WARNING:sim - VHDL simulation file type 'Behavioral' is not valid for this core.
   Overriding with simulation file type 'Structural'.
Delivered 3 files into directory
/home/gonza/Maestria/FPGA_Comms/OFDM_TP/OFDM_TP.srcs/sources_1/ip/xfft_v7_1_1/tm
p/_cg/fft
Generating ASY schematic symbol...
INFO:sim:949 - Finished generation of ASY schematic symbol.
Generating metadata file...
Generating ISE project...
XCO file found: fft.xco
XMDF file found: fft_xmdf.tcl
Adding
/home/gonza/Maestria/FPGA_Comms/OFDM_TP/OFDM_TP.srcs/sources_1/ip/xfft_v7_1_1/tm
p/_cg/fft.asy -view all -origin_type imported
Adding
/home/gonza/Maestria/FPGA_Comms/OFDM_TP/OFDM_TP.srcs/sources_1/ip/xfft_v7_1_1/tm
p/_cg/fft.ngc -view all -origin_type created
WARNING: es_AR:es is not supported as a language.  Using usenglish.
Checking file
"/home/gonza/Maestria/FPGA_Comms/OFDM_TP/OFDM_TP.srcs/sources_1/ip/xfft_v7_1_1/t
mp/_cg/fft.ngc" for project device match ...
File
"/home/gonza/Maestria/FPGA_Comms/OFDM_TP/OFDM_TP.srcs/sources_1/ip/xfft_v7_1_1/t
mp/_cg/fft.ngc" device information matches project device.
Adding
/home/gonza/Maestria/FPGA_Comms/OFDM_TP/OFDM_TP.srcs/sources_1/ip/xfft_v7_1_1/tm
p/_cg/fft.vhd -view all -origin_type created
INFO:HDLCompiler:1061 - Parsing VHDL file
   "/home/gonza/Maestria/FPGA_Comms/OFDM_TP/OFDM_TP.srcs/sources_1/ip/xfft_v7_1_
   1/tmp/_cg/fft.vhd" into library work
INFO:ProjectMgmt - Parsing design hierarchy completed successfully.
Adding
/home/gonza/Maestria/FPGA_Comms/OFDM_TP/OFDM_TP.srcs/sources_1/ip/xfft_v7_1_1/tm
p/_cg/fft.vho -view all -origin_type imported
INFO:TclTasksC:2116 - The automatic calculation of top has been turned-off.
   Please set the new top explicitly by running the "project set top" command.
   To re-calculate the new top automatically, set the "Auto Implementation Top"
   property to true.
Top level has been set to "/fft"
Generating README file...
Generating FLIST file...
INFO:sim:948 - Finished FLIST file generation.
Moving files to output directory...
Finished moving files to output directory
Wrote CGP file for project 'coregen'.
